<?xml version="1.0" encoding="UTF-8"?>
<!-- Generated by org.testng.reporters.JUnitReportReporter -->
<testsuite hostname="DESKTOP-25A0HR5" failures="0" tests="1" name="com.bankingProject.testCases.TC_LoginTest_001" time="3.692" errors="0" timestamp="2021-11-22T21:11:14 BDT" skipped="0">
  <testcase classname="com.bankingProject.testCases.TC_LoginTest_001" name="loginTest" time="3.692"/>
  <system-out/>
</testsuite> <!-- com.bankingProject.testCases.TC_LoginTest_001 -->
